#! /c/Source/iverilog-install/bin/vvp
:ivl_version "12.0 (devel)" "(s20150603-1539-g2693dd32b)";
:ivl_delay_selection "TYPICAL";
:vpi_time_precision - 12;
:vpi_module "C:\iverilog\lib\ivl\system.vpi";
:vpi_module "C:\iverilog\lib\ivl\vhdl_sys.vpi";
:vpi_module "C:\iverilog\lib\ivl\vhdl_textio.vpi";
:vpi_module "C:\iverilog\lib\ivl\v2005_math.vpi";
:vpi_module "C:\iverilog\lib\ivl\va_math.vpi";
S_000001f92537b9f0 .scope module, "Lab3_4verilog" "Lab3_4verilog" 2 23;
 .timescale -9 -12;
    .port_info 0 /INPUT 8 "v";
    .port_info 1 /INPUT 1 "e_in";
    .port_info 2 /OUTPUT 3 "y";
    .port_info 3 /OUTPUT 1 "gs";
    .port_info 4 /OUTPUT 1 "e_out";
o000001f92528cf78 .functor BUFZ 1, C4<z>; HiZ drive
v000001f9252534f0_0 .net "e_in", 0 0, o000001f92528cf78;  0 drivers
v000001f925253120_0 .var "e_out", 0 0;
v000001f925253710_0 .var "gs", 0 0;
o000001f92528d008 .functor BUFZ 8, C4<zzzzzzzz>; HiZ drive
v000001f92537bb80_0 .net "v", 7 0, o000001f92528d008;  0 drivers
v000001f92537bc20_0 .var "y", 2 0;
E_000001f925277f40 .event anyedge, v000001f9252534f0_0, v000001f92537bb80_0;
    .scope S_000001f92537b9f0;
T_0 ;
    %wait E_000001f925277f40;
    %load/vec4 v000001f9252534f0_0;
    %pad/u 32;
    %cmpi/e 1, 0, 32;
    %jmp/0xz  T_0.0, 4;
    %pushi/vec4 7, 0, 3;
    %store/vec4 v000001f92537bc20_0, 0, 3;
    %pushi/vec4 1, 0, 1;
    %store/vec4 v000001f925253710_0, 0, 1;
    %pushi/vec4 1, 0, 1;
    %store/vec4 v000001f925253120_0, 0, 1;
    %jmp T_0.1;
T_0.0 ;
    %load/vec4 v000001f92537bb80_0;
    %cmpi/e 255, 0, 8;
    %jmp/0xz  T_0.2, 4;
    %pushi/vec4 7, 0, 3;
    %store/vec4 v000001f92537bc20_0, 0, 3;
    %pushi/vec4 1, 0, 1;
    %store/vec4 v000001f925253710_0, 0, 1;
    %pushi/vec4 0, 0, 1;
    %store/vec4 v000001f925253120_0, 0, 1;
    %jmp T_0.3;
T_0.2 ;
    %load/vec4 v000001f92537bb80_0;
    %parti/s 1, 7, 4;
    %pad/u 32;
    %cmpi/e 0, 0, 32;
    %jmp/0xz  T_0.4, 4;
    %pushi/vec4 0, 0, 3;
    %store/vec4 v000001f92537bc20_0, 0, 3;
    %pushi/vec4 0, 0, 1;
    %store/vec4 v000001f925253710_0, 0, 1;
    %pushi/vec4 1, 0, 1;
    %store/vec4 v000001f925253120_0, 0, 1;
    %jmp T_0.5;
T_0.4 ;
    %load/vec4 v000001f92537bb80_0;
    %parti/s 1, 7, 4;
    %pad/u 32;
    %cmpi/e 1, 0, 32;
    %flag_get/vec4 4;
    %jmp/0 T_0.8, 4;
    %load/vec4 v000001f92537bb80_0;
    %parti/s 1, 6, 4;
    %pad/u 32;
    %pushi/vec4 0, 0, 32;
    %cmp/e;
    %flag_get/vec4 4;
    %and;
T_0.8;
    %flag_set/vec4 8;
    %jmp/0xz  T_0.6, 8;
    %pushi/vec4 1, 0, 3;
    %store/vec4 v000001f92537bc20_0, 0, 3;
    %pushi/vec4 0, 0, 1;
    %store/vec4 v000001f925253710_0, 0, 1;
    %pushi/vec4 1, 0, 1;
    %store/vec4 v000001f925253120_0, 0, 1;
    %jmp T_0.7;
T_0.6 ;
    %load/vec4 v000001f92537bb80_0;
    %parti/s 2, 6, 4;
    %cmpi/e 3, 0, 2;
    %flag_get/vec4 4;
    %jmp/0 T_0.11, 4;
    %load/vec4 v000001f92537bb80_0;
    %parti/s 1, 5, 4;
    %pad/u 32;
    %pushi/vec4 0, 0, 32;
    %cmp/e;
    %flag_get/vec4 4;
    %and;
T_0.11;
    %flag_set/vec4 8;
    %jmp/0xz  T_0.9, 8;
    %pushi/vec4 2, 0, 3;
    %store/vec4 v000001f92537bc20_0, 0, 3;
    %pushi/vec4 0, 0, 1;
    %store/vec4 v000001f925253710_0, 0, 1;
    %pushi/vec4 1, 0, 1;
    %store/vec4 v000001f925253120_0, 0, 1;
    %jmp T_0.10;
T_0.9 ;
    %load/vec4 v000001f92537bb80_0;
    %parti/s 3, 5, 4;
    %cmpi/e 7, 0, 3;
    %flag_get/vec4 4;
    %jmp/0 T_0.14, 4;
    %load/vec4 v000001f92537bb80_0;
    %parti/s 1, 4, 4;
    %pad/u 32;
    %pushi/vec4 0, 0, 32;
    %cmp/e;
    %flag_get/vec4 4;
    %and;
T_0.14;
    %flag_set/vec4 8;
    %jmp/0xz  T_0.12, 8;
    %pushi/vec4 3, 0, 3;
    %store/vec4 v000001f92537bc20_0, 0, 3;
    %pushi/vec4 0, 0, 1;
    %store/vec4 v000001f925253710_0, 0, 1;
    %pushi/vec4 1, 0, 1;
    %store/vec4 v000001f925253120_0, 0, 1;
    %jmp T_0.13;
T_0.12 ;
    %load/vec4 v000001f92537bb80_0;
    %parti/s 4, 4, 4;
    %cmpi/e 15, 0, 4;
    %flag_get/vec4 4;
    %jmp/0 T_0.17, 4;
    %load/vec4 v000001f92537bb80_0;
    %parti/s 1, 3, 3;
    %pad/u 32;
    %pushi/vec4 0, 0, 32;
    %cmp/e;
    %flag_get/vec4 4;
    %and;
T_0.17;
    %flag_set/vec4 8;
    %jmp/0xz  T_0.15, 8;
    %pushi/vec4 4, 0, 3;
    %store/vec4 v000001f92537bc20_0, 0, 3;
    %pushi/vec4 0, 0, 1;
    %store/vec4 v000001f925253710_0, 0, 1;
    %pushi/vec4 1, 0, 1;
    %store/vec4 v000001f925253120_0, 0, 1;
    %jmp T_0.16;
T_0.15 ;
    %load/vec4 v000001f92537bb80_0;
    %parti/s 5, 3, 3;
    %cmpi/e 31, 0, 5;
    %flag_get/vec4 4;
    %jmp/0 T_0.20, 4;
    %load/vec4 v000001f92537bb80_0;
    %parti/s 1, 2, 3;
    %pad/u 32;
    %pushi/vec4 0, 0, 32;
    %cmp/e;
    %flag_get/vec4 4;
    %and;
T_0.20;
    %flag_set/vec4 8;
    %jmp/0xz  T_0.18, 8;
    %pushi/vec4 5, 0, 3;
    %store/vec4 v000001f92537bc20_0, 0, 3;
    %pushi/vec4 0, 0, 1;
    %store/vec4 v000001f925253710_0, 0, 1;
    %pushi/vec4 1, 0, 1;
    %store/vec4 v000001f925253120_0, 0, 1;
    %jmp T_0.19;
T_0.18 ;
    %load/vec4 v000001f92537bb80_0;
    %parti/s 6, 2, 3;
    %cmpi/e 63, 0, 6;
    %flag_get/vec4 4;
    %jmp/0 T_0.23, 4;
    %load/vec4 v000001f92537bb80_0;
    %parti/s 1, 1, 2;
    %pad/u 32;
    %pushi/vec4 0, 0, 32;
    %cmp/e;
    %flag_get/vec4 4;
    %and;
T_0.23;
    %flag_set/vec4 8;
    %jmp/0xz  T_0.21, 8;
    %pushi/vec4 6, 0, 3;
    %store/vec4 v000001f92537bc20_0, 0, 3;
    %pushi/vec4 0, 0, 1;
    %store/vec4 v000001f925253710_0, 0, 1;
    %pushi/vec4 1, 0, 1;
    %store/vec4 v000001f925253120_0, 0, 1;
    %jmp T_0.22;
T_0.21 ;
    %load/vec4 v000001f92537bb80_0;
    %parti/s 7, 1, 2;
    %cmpi/e 127, 0, 7;
    %flag_get/vec4 4;
    %jmp/0 T_0.26, 4;
    %load/vec4 v000001f92537bb80_0;
    %parti/s 1, 0, 2;
    %pad/u 32;
    %pushi/vec4 0, 0, 32;
    %cmp/e;
    %flag_get/vec4 4;
    %and;
T_0.26;
    %flag_set/vec4 8;
    %jmp/0xz  T_0.24, 8;
    %pushi/vec4 7, 0, 3;
    %store/vec4 v000001f92537bc20_0, 0, 3;
    %pushi/vec4 0, 0, 1;
    %store/vec4 v000001f925253710_0, 0, 1;
    %pushi/vec4 1, 0, 1;
    %store/vec4 v000001f925253120_0, 0, 1;
T_0.24 ;
T_0.22 ;
T_0.19 ;
T_0.16 ;
T_0.13 ;
T_0.10 ;
T_0.7 ;
T_0.5 ;
T_0.3 ;
T_0.1 ;
    %jmp T_0;
    .thread T_0, $push;
# The file index is used to find the file name in the following table.
:file_names 3;
    "N/A";
    "<interactive>";
    "Behavioral-Modeling-8-to-3-Priority-Encoder.v";
